<?xml version="1.0" encoding="UTF-8"?>
<!-- Generated by org.testng.reporters.JUnitReportReporter -->
<testsuite hostname="Khaleds-MacBook-Pro.local" failures="0" tests="1" name="com.ebfs.qa.testcases.SignInPageTest" time="7.655" errors="0" timestamp="05 Jun 2021 22:37:46 GMT" skipped="0">
  <testcase classname="com.ebfs.qa.testcases.SignInPageTest" name="verifyLogin" time="7.655"/>
</testsuite> <!-- com.ebfs.qa.testcases.SignInPageTest -->
