<?xml version="1.0" encoding="UTF-8"?>
<!-- Generated by org.testng.reporters.JUnitReportReporter -->
<testsuite hostname="Khaleds-MacBook-Pro.local" failures="0" tests="3" name="com.ebfs.qa.testcases.SignInPageTest" time="24.317" errors="0" timestamp="05 Jun 2021 20:53:20 GMT" skipped="0">
  <testcase classname="com.ebfs.qa.testcases.SignInPageTest" name="verifyLogin" time="7.778"/>
  <testcase classname="com.ebfs.qa.testcases.SignInPageTest" name="verifyLoginPassErr" time="8.209"/>
  <testcase classname="com.ebfs.qa.testcases.SignInPageTest" name="verifyLoginUserErr" time="8.330"/>
</testsuite> <!-- com.ebfs.qa.testcases.SignInPageTest -->
