<?xml version="1.0" encoding="UTF-8"?>
<!-- Generated by org.testng.reporters.JUnitReportReporter -->
<testsuite hostname="Khaleds-MacBook-Pro.local" failures="0" tests="16" name="com.ebfs.qa.testcases.ProductCategoryPageTest" time="647.528" errors="0" timestamp="15 Jan 2021 21:26:06 GMT" skipped="0">
  <testcase classname="com.ebfs.qa.testcases.ProductCategoryPageTest" name="verifyNavigateToProductCategoryPageTest" time="32.181"/>
  <testcase classname="com.ebfs.qa.testcases.ProductCategoryPageTest" name="verifySubCategoryLinkTest" time="42.609"/>
  <testcase classname="com.ebfs.qa.testcases.ProductCategoryPageTest" name="verifySortFunctionalityTest" time="36.122"/>
  <testcase classname="com.ebfs.qa.testcases.ProductCategoryPageTest" name="verifyGridOrListViewTest" time="23.962"/>
  <testcase classname="com.ebfs.qa.testcases.ProductCategoryPageTest" name="verifyNumberOfProductsViewTest" time="12.056"/>
  <testcase classname="com.ebfs.qa.testcases.ProductCategoryPageTest" name="verifyFilterProductsLeftNavigationTest" time="47.171"/>
  <testcase classname="com.ebfs.qa.testcases.ProductCategoryPageTest" name="verifyFilterProductsPriceRangeTest" time="18.653"/>
  <testcase classname="com.ebfs.qa.testcases.ProductCategoryPageTest" name="verifyDiscoverOurStoresLinkTest" time="10.115"/>
  <testcase classname="com.ebfs.qa.testcases.ProductCategoryPageTest" name="verifyMouseOverProductViewTest" time="10.255"/>
  <testcase classname="com.ebfs.qa.testcases.ProductCategoryPageTest" name="verifyInOrOutOfStockIconViewTest" time="14.574"/>
  <testcase classname="com.ebfs.qa.testcases.ProductCategoryPageTest" name="verifyMouseOverProductQuickViewTest" time="13.145"/>
  <testcase classname="com.ebfs.qa.testcases.ProductCategoryPageTest" name="verifyDifferentLinkInformationTest" time="15.217"/>
  <testcase classname="com.ebfs.qa.testcases.ProductCategoryPageTest" name="verifyAddMultipleProductToCartTest" time="61.754"/>
  <testcase classname="com.ebfs.qa.testcases.ProductCategoryPageTest" name="verifyProductAddedCartUpdatedTest" time="87.826"/>
  <testcase classname="com.ebfs.qa.testcases.ProductCategoryPageTest" name="verifyProductOverlayCheckOutButtonTest" time="80.475"/>
  <testcase classname="com.ebfs.qa.testcases.ProductCategoryPageTest" name="verifyCheckOutButtonNavigateToShoppingCartTest" time="141.413"/>
</testsuite> <!-- com.ebfs.qa.testcases.ProductCategoryPageTest -->
