<?xml version="1.0" encoding="UTF-8"?>
<!-- Generated by org.testng.reporters.JUnitReportReporter -->
<testsuite hostname="Khaleds-MacBook-Pro.local" failures="0" tests="3" name="com.ebfs.qa.testcases.SignInPageTest" time="26.750" errors="0" timestamp="05 Jun 2021 20:28:55 GMT" skipped="0">
  <testcase classname="com.ebfs.qa.testcases.SignInPageTest" name="verifyLogin" time="10.223"/>
  <testcase classname="com.ebfs.qa.testcases.SignInPageTest" name="verifyLoginPassErr" time="8.130"/>
  <testcase classname="com.ebfs.qa.testcases.SignInPageTest" name="verifyLoginUserErr" time="8.397"/>
</testsuite> <!-- com.ebfs.qa.testcases.SignInPageTest -->
